# JRE version: OpenJDK Runtime Environment (16.0.2+7) (build 16.0.2+7-67)
# Java VM: OpenJDK 64-Bit Server VM (16.0.2+7-67, mixed mode, tiered, compressed oops, compressed class ptrs, g1 gc, windows-amd64)
GC Precious Log:
 CPUs: 4 total, 4 available
 Memory: 3969M
 Large Page Support: Disabled
 NUMA Support: Disabled
 Compressed Oops: Enabled (32-bit)
 Heap Region Size: 1M
 Heap Min Capacity: 8M
 Heap Initial Capacity: 64M
 Heap Max Capacity: 994M
 Pre-touch: Disabled
 Parallel Workers: 4
 Concurrent Workers: 1
 Concurrent Refinement Workers: 4
 Periodic GC: Disabled
Heap:
 garbage-first heap   total 61440K, used 40118K [0x00000000c1e00000, 0x0000000100000000)
  region size 1024K, 26 young (26624K), 1 survivors (1024K)
 Metaspace       used 39606K, committed 40000K, reserved 1089536K
  class space    used 5034K, committed 5248K, reserved 1048576K
GC Heap History (20 events):
Event: 270.044 GC heap before
{Heap before GC invocations=6 (full 0):
 garbage-first heap   total 37888K, used 35975K [0x00000000c1e00000, 0x0000000100000000)
  region size 1024K, 30 young (30720K), 3 survivors (3072K)
 Metaspace       used 26409K, committed 26752K, reserved 1073152K
  class space    used 3117K, committed 3264K, reserved 1048576K
}
Event: 270.058 GC heap after
{Heap after GC invocations=7 (full 0):
 garbage-first heap   total 43008K, used 10685K [0x00000000c1e00000, 0x0000000100000000)
  region size 1024K, 4 young (4096K), 4 survivors (4096K)
 Metaspace       used 26409K, committed 26752K, reserved 1073152K
  class space    used 3117K, committed 3264K, reserved 1048576K
}
Event: 270.063 GC heap before
{Heap before GC invocations=7 (full 0):
 garbage-first heap   total 43008K, used 28093K [0x00000000c1e00000, 0x0000000100000000)
  region size 1024K, 22 young (22528K), 4 survivors (4096K)
 Metaspace       used 26409K, committed 26752K, reserved 1073152K
  class space    used 3117K, committed 3264K, reserved 1048576K
}
Event: 270.068 GC heap after
{Heap after GC invocations=8 (full 0):
 garbage-first heap   total 43008K, used 10584K [0x00000000c1e00000, 0x0000000100000000)
  region size 1024K, 2 young (2048K), 2 survivors (2048K)
 Metaspace       used 26409K, committed 26752K, reserved 1073152K
  class space    used 3117K, committed 3264K, reserved 1048576K
}
Event: 271.345 GC heap before
{Heap before GC invocations=8 (full 0):
 garbage-first heap   total 43008K, used 30040K [0x00000000c1e00000, 0x0000000100000000)
  region size 1024K, 22 young (22528K), 2 survivors (2048K)
 Metaspace       used 27046K, committed 27328K, reserved 1073152K
  class space    used 3184K, committed 3328K, reserved 1048576K
}
Event: 271.348 GC heap after
{Heap after GC invocations=9 (full 0):
 garbage-first heap   total 43008K, used 10907K [0x00000000c1e00000, 0x0000000100000000)
  region size 1024K, 2 young (2048K), 2 survivors (2048K)
 Metaspace       used 27046K, committed 27328K, reserved 1073152K
  class space    used 3184K, committed 3328K, reserved 1048576K
}
Event: 272.887 GC heap before
{Heap before GC invocations=9 (full 0):
 garbage-first heap   total 43008K, used 31387K [0x00000000c1e00000, 0x0000000100000000)
  region size 1024K, 22 young (22528K), 2 survivors (2048K)
 Metaspace       used 28173K, committed 28480K, reserved 1081344K
  class space    used 3362K, committed 3520K, reserved 1048576K
}
Event: 272.890 GC heap after
{Heap after GC invocations=10 (full 0):
 garbage-first heap   total 43008K, used 11641K [0x00000000c1e00000, 0x0000000100000000)
  region size 1024K, 2 young (2048K), 2 survivors (2048K)
 Metaspace       used 28173K, committed 28480K, reserved 1081344K
  class space    used 3362K, committed 3520K, reserved 1048576K
}
Event: 277.354 GC heap before
{Heap before GC invocations=10 (full 0):
 garbage-first heap   total 43008K, used 31097K [0x00000000c1e00000, 0x0000000100000000)
  region size 1024K, 22 young (22528K), 2 survivors (2048K)
 Metaspace       used 31161K, committed 31552K, reserved 1081344K
  class space    used 3811K, committed 3968K, reserved 1048576K
}
Event: 277.359 GC heap after
{Heap after GC invocations=11 (full 0):
 garbage-first heap   total 43008K, used 13068K [0x00000000c1e00000, 0x0000000100000000)
  region size 1024K, 3 young (3072K), 3 survivors (3072K)
 Metaspace       used 31161K, committed 31552K, reserved 1081344K
  class space    used 3811K, committed 3968K, reserved 1048576K
}
Event: 285.170 GC heap before
{Heap before GC invocations=11 (full 0):
 garbage-first heap   total 43008K, used 31500K [0x00000000c1e00000, 0x0000000100000000)
  region size 1024K, 22 young (22528K), 3 survivors (3072K)
 Metaspace       used 34139K, committed 34496K, reserved 1081344K
  class space    used 4256K, committed 4416K, reserved 1048576K
}
Event: 285.186 GC heap after
{Heap after GC invocations=12 (full 0):
 garbage-first heap   total 43008K, used 14872K [0x00000000c1e00000, 0x0000000100000000)
  region size 1024K, 3 young (3072K), 3 survivors (3072K)
 Metaspace       used 34139K, committed 34496K, reserved 1081344K
  class space    used 4256K, committed 4416K, reserved 1048576K
}
Event: 285.615 GC heap before
{Heap before GC invocations=12 (full 0):
 garbage-first heap   total 43008K, used 30232K [0x00000000c1e00000, 0x0000000100000000)
  region size 1024K, 19 young (19456K), 3 survivors (3072K)
 Metaspace       used 34454K, committed 34752K, reserved 1081344K
  class space    used 4287K, committed 4416K, reserved 1048576K
}
Event: 285.619 GC heap after
{Heap after GC invocations=13 (full 0):
 garbage-first heap   total 43008K, used 15580K [0x00000000c1e00000, 0x0000000100000000)
  region size 1024K, 1 young (1024K), 1 survivors (1024K)
 Metaspace       used 34454K, committed 34752K, reserved 1081344K
  class space    used 4287K, committed 4416K, reserved 1048576K
}
Event: 285.622 GC heap before
{Heap before GC invocations=13 (full 0):
 garbage-first heap   total 43008K, used 30940K [0x00000000c1e00000, 0x0000000100000000)
  region size 1024K, 17 young (17408K), 1 survivors (1024K)
 Metaspace       used 34454K, committed 34752K, reserved 1081344K
  class space    used 4287K, committed 4416K, reserved 1048576K
}
Event: 285.623 GC heap after
{Heap after GC invocations=14 (full 0):
 garbage-first heap   total 43008K, used 15279K [0x00000000c1e00000, 0x0000000100000000)
  region size 1024K, 1 young (1024K), 1 survivors (1024K)
 Metaspace       used 34454K, committed 34752K, reserved 1081344K
  class space    used 4287K, committed 4416K, reserved 1048576K
}
Event: 286.622 GC heap before
{Heap before GC invocations=14 (full 0):
 garbage-first heap   total 43008K, used 31663K [0x00000000c1e00000, 0x0000000100000000)
  region size 1024K, 18 young (18432K), 1 survivors (1024K)
 Metaspace       used 34964K, committed 35328K, reserved 1081344K
  class space    used 4330K, committed 4480K, reserved 1048576K
}
Event: 286.685 GC heap after
{Heap after GC invocations=15 (full 0):
 garbage-first heap   total 104448K, used 15495K [0x00000000c1e00000, 0x0000000100000000)
  region size 1024K, 1 young (1024K), 1 survivors (1024K)
 Metaspace       used 34964K, committed 35328K, reserved 1081344K
  class space    used 4330K, committed 4480K, reserved 1048576K
}
Event: 287.475 GC heap before
{Heap before GC invocations=15 (full 0):
 garbage-first heap   total 104448K, used 52359K [0x00000000c1e00000, 0x0000000100000000)
  region size 1024K, 39 young (39936K), 1 survivors (1024K)
 Metaspace       used 35317K, committed 35648K, reserved 1081344K
  class space    used 4384K, committed 4544K, reserved 1048576K
}
Event: 287.477 GC heap after
{Heap after GC invocations=16 (full 0):
 garbage-first heap   total 104448K, used 15542K [0x00000000c1e00000, 0x0000000100000000)
  region size 1024K, 1 young (1024K), 1 survivors (1024K)
 Metaspace       used 35317K, committed 35648K, reserved 1081344K
  class space    used 4384K, committed 4544K, reserved 1048576K
}

